<?xml version="1.0" encoding="UTF-8"?>
<testsuite xmlns:xsi="http://www.w3.org/2001/XMLSchema-instance" xsi:noNamespaceSchemaLocation="https://maven.apache.org/surefire/maven-surefire-plugin/xsd/surefire-test-report.xsd" name="RepositoryRulesTest" time="0.046" tests="3" errors="0" skipped="0" failures="0">
  <properties>
[...]
</properties>
  <testcase name="repositories_should_be_annotation_restcontroller" classname="com.ciandt.summit.bootcamp2022.archunit.repositories.RepositoryRulesTest" time="0.045"/>
  <testcase name="repositories_should_be_annotation_autowired_only_in_constructor" classname="com.ciandt.summit.bootcamp2022.archunit.repositories.RepositoryRulesTest" time="0"/>
  <testcase name="repositories_should_be_interfaces" classname="com.ciandt.summit.bootcamp2022.archunit.repositories.RepositoryRulesTest" time="0"/>
</testsuite>